[www.elegantthemes.com/layouts/art-design/cake-maker-landing-page/live-demo.html]
[www.elegantthemes.com/layouts/food-drink/cake-maker-services-page/live-demo.html]
[www.elegantthemes.com/layouts/food-drink/cake-maker-home-page/live-demo.html]
[www.elegantthemes.com/layouts/food-drink/cake-maker-contact-page/live-demo.html]
[www.elegantthemes.com/layouts/food-drink/cake-maker-blog-page/live-demo.html]
[www.elegantthemes.com/layouts/food-drink/cake-maker-about-page/live-demo.html]
[backblue.gif]
[fade.gif]
[index.html]
[www.elegantthemes.com/layouts/wp-content/plugins/woocommerce/packages/woocommerce-blocks/build/wc-blocks-vendors-style519f.css]
[www.elegantthemes.com/layouts/wp-content/plugins/woocommerce/packages/woocommerce-blocks/build/wc-blocks-style519f.css]
[www.elegantthemes.com/layouts/wp-content/plugins/woocommerce/assets/css/woocommerce-layout56be.css]
[www.elegantthemes.com/layouts/wp-content/plugins/woocommerce/assets/css/woocommerce-smallscreen56be.css]
[www.elegantthemes.com/layouts/wp-content/plugins/woocommerce/assets/css/woocommerce56be.css]
[www.elegantthemes.com/layouts/wp-content/themes/Divi/style-static.min210a.css]
[www.elegantthemes.com/layouts/wp-includes/js/jquery/jquery.mina767.js]
[www.elegantthemes.com/layouts/wp-includes/js/jquery/jquery-migrate.min6b00.js]
[www.elegantthemes.com/layouts/wp-content/uploads/2017/12/logo.png]
[www.elegantthemes.com/layouts/wp-content/et-cache/224767/et-core-unified-deferred-224767.min6882.css]
[www.elegantthemes.com/layouts/wp-content/uploads/2019/08/cake-06.jpg]
[www.elegantthemes.com/layouts/wp-content/uploads/2019/08/cake-05.jpg]
[www.elegantthemes.com/layouts/wp-content/uploads/2019/08/cake-08.jpg]
[www.elegantthemes.com/layouts/wp-content/uploads/2019/08/cake-12.jpg]
[www.elegantthemes.com/layouts/wp-content/plugins/woocommerce/assets/js/jquery-blockui/jquery.blockUI.minb69f.js]
[www.elegantthemes.com/layouts/wp-content/plugins/woocommerce/assets/js/frontend/add-to-cart.min56be.js]
[www.elegantthemes.com/layouts/wp-content/plugins/woocommerce/assets/js/js-cookie/js.cookie.min44bd.js]
[www.elegantthemes.com/layouts/wp-content/plugins/woocommerce/assets/js/frontend/woocommerce.min56be.js]
[www.elegantthemes.com/layouts/wp-content/plugins/woocommerce/assets/js/frontend/cart-fragments.min56be.js]
[www.elegantthemes.com/layouts/wp-content/themes/Divi/js/scripts.min210a.js]
[www.elegantthemes.com/layouts/art-design/cake-maker-landing-page/live-demo.html]
[www.elegantthemes.com/layouts/wp-content/themes/Divi/core/admin/js/common210a.js]
[www.elegantthemes.com/layouts/wp-content/et-cache/224765/et-core-unified-deferred-224765.minf829.css]
[www.elegantthemes.com/layouts/wp-content/uploads/2019/08/cake-13.jpg]
[www.elegantthemes.com/layouts/wp-content/uploads/2019/08/cake-17.jpg]
[www.elegantthemes.com/layouts/wp-content/uploads/2019/08/cake-16.jpg]
[www.elegantthemes.com/layouts/wp-content/uploads/2019/08/cake-09.jpg]
[www.elegantthemes.com/layouts/food-drink/cake-maker-services-page/live-demo.html]
[www.elegantthemes.com/layouts/wp-content/et-cache/224769/et-core-unified-deferred-224769.minddaf.css]
[www.elegantthemes.com/layouts/wp-content/uploads/2019/08/cake-14.jpg]
[www.elegantthemes.com/layouts/wp-content/uploads/2019/08/cake-15.jpg]
[www.elegantthemes.com/layouts/food-drink/cake-maker-home-page/live-demo.html]
[www.elegantthemes.com/layouts/wp-content/et-cache/224771/et-core-unified-deferred-224771.min1c6e.css]
[www.elegantthemes.com/layouts/food-drink/cake-maker-contact-page/live-demo.html]
[www.elegantthemes.com/cdn-cgi/scripts/5c5dd728/cloudflare-static/email-decode.min.js]
[www.elegantthemes.com/layouts/wp-content/et-cache/224773/et-core-unified-deferred-224773.minc0a6.css]
[www.elegantthemes.com/layouts/wp-content/uploads/2017/12/bakery-16-400x250.jpg]
[www.elegantthemes.com/layouts/wp-content/uploads/2018/01/generator-68-400x250.jpg]
[www.elegantthemes.com/layouts/wp-content/uploads/2017/12/florist-04-400x250.jpg]
[www.elegantthemes.com/layouts/wp-content/uploads/2017/12/fashion-20-400x250.jpg]
[www.elegantthemes.com/layouts/food-drink/cake-maker-blog-page/live-demo/page/2f83b]
[www.elegantthemes.com/layouts/wp-includes/js/mediaelement/mediaelementplayer-legacy.min1f61.css]
[www.elegantthemes.com/layouts/wp-includes/js/mediaelement/wp-mediaelement.minae48.css]
[www.elegantthemes.com/layouts/wp-includes/js/mediaelement/mediaelement-and-player.min1f61.js]
[www.elegantthemes.com/layouts/wp-includes/js/mediaelement/mediaelement-migrate.minae48.js]
[www.elegantthemes.com/layouts/wp-includes/js/mediaelement/wp-mediaelement.minae48.js]
[www.elegantthemes.com/layouts/wp-content/themes/Divi/includes/builder/feature/dynamic-assets/assets/js/salvattore210a.js]
[www.elegantthemes.com/layouts/food-drink/cake-maker-blog-page/live-demo.html]
[www.elegantthemes.com/layouts/wp-content/themes/Divi/includes/builder/feature/dynamic-assets/assets/js/easypiechart210a.js]
[www.elegantthemes.com/layouts/wp-content/et-cache/224775/et-core-unified-deferred-224775.minc09a.css]
[www.elegantthemes.com/layouts/wp-content/uploads/2019/08/cake-10.jpg]
[www.elegantthemes.com/layouts/food-drink/cake-maker-about-page/live-demo.html]
[www.elegantthemes.com/layouts/wp-content/plugins/woocommerce/packages/woocommerce-blocks/build/wc-blocks-vendors-style519f.css]
[www.elegantthemes.com/layouts/wp-content/plugins/woocommerce/packages/woocommerce-blocks/build/wc-blocks-style519f.css]
[www.elegantthemes.com/layouts/wp-content/plugins/woocommerce/assets/css/woocommerce-layout56be.css]
[www.elegantthemes.com/layouts/wp-content/plugins/woocommerce/assets/css/woocommerce-smallscreen56be.css]
[www.elegantthemes.com/layouts/wp-content/plugins/woocommerce/assets/css/woocommerce56be.css]
[www.elegantthemes.com/layouts/wp-content/themes/Divi/includes/builder/styles/images/preloader.gif]
[www.elegantthemes.com/layouts/wp-content/themes/Divi/core/admin/fonts/modules/all/modules.eot]
[www.elegantthemes.com/layouts/wp-content/themes/Divi/core/admin/fonts/modules/all/modulesd41d.eot]
[www.elegantthemes.com/layouts/wp-content/themes/Divi/core/admin/fonts/modules/all/modules.woff]
[www.elegantthemes.com/layouts/wp-content/themes/Divi/core/admin/fonts/modules/all/modules.ttf]
[www.elegantthemes.com/layouts/wp-content/themes/Divi/core/admin/fonts/modules/all/modules.svg]
[www.elegantthemes.com/layouts/wp-content/themes/Divi/core/admin/fonts/fontawesome/fa-regular-400.eot]
[www.elegantthemes.com/layouts/wp-content/themes/Divi/core/admin/fonts/fontawesome/fa-regular-400d41d.eot]
[www.elegantthemes.com/layouts/wp-content/themes/Divi/core/admin/fonts/fontawesome/fa-regular-400.woff2]
[www.elegantthemes.com/layouts/wp-content/themes/Divi/core/admin/fonts/fontawesome/fa-regular-400.woff]
[www.elegantthemes.com/layouts/wp-content/themes/Divi/core/admin/fonts/fontawesome/fa-regular-400.ttf]
[www.elegantthemes.com/layouts/wp-content/themes/Divi/core/admin/fonts/fontawesome/fa-regular-400.svg]
[www.elegantthemes.com/layouts/wp-content/themes/Divi/core/admin/fonts/fontawesome/fa-solid-900.eot]
[www.elegantthemes.com/layouts/wp-content/themes/Divi/core/admin/fonts/fontawesome/fa-solid-900.woff2]
[www.elegantthemes.com/layouts/wp-content/themes/Divi/core/admin/fonts/fontawesome/fa-solid-900d41d.eot]
[www.elegantthemes.com/layouts/wp-content/themes/Divi/core/admin/fonts/fontawesome/fa-solid-900.woff]
[www.elegantthemes.com/layouts/wp-content/themes/Divi/core/admin/fonts/fontawesome/fa-solid-900.ttf]
[www.elegantthemes.com/layouts/wp-content/themes/Divi/core/admin/fonts/fontawesome/fa-solid-900.svg]
[www.elegantthemes.com/layouts/wp-content/themes/Divi/core/admin/fonts/fontawesome/fa-brands-400.eot]
[www.elegantthemes.com/layouts/wp-content/themes/Divi/core/admin/fonts/fontawesome/fa-brands-400d41d.eot]
[www.elegantthemes.com/layouts/wp-content/themes/Divi/core/admin/fonts/fontawesome/fa-brands-400.woff2]
[www.elegantthemes.com/layouts/wp-content/themes/Divi/core/admin/fonts/fontawesome/fa-brands-400.woff]
[www.elegantthemes.com/layouts/wp-content/themes/Divi/core/admin/fonts/fontawesome/fa-brands-400.ttf]
[www.elegantthemes.com/layouts/wp-content/themes/Divi/includes/builder/styles/images/subscribe-loader.gif]
[www.elegantthemes.com/layouts/wp-content/themes/Divi/style-static.min210a.css]
[www.elegantthemes.com/layouts/wp-content/themes/Divi/core/admin/fonts/fontawesome/fa-brands-400.svg]
[www.elegantthemes.com/layouts/wp-content/uploads/2019/08/cake-03-2.png]
[www.elegantthemes.com/layouts/wp-content/et-cache/224767/et-core-unified-deferred-224767.min6882.css]
[www.elegantthemes.com/layouts/wp-content/et-cache/224765/et-core-unified-deferred-224765.minf829.css]
[www.elegantthemes.com/layouts/wp-content/et-cache/224769/et-core-unified-deferred-224769.minddaf.css]
[www.elegantthemes.com/layouts/wp-content/et-cache/224771/et-core-unified-deferred-224771.min1c6e.css]
[www.elegantthemes.com/layouts/wp-content/uploads/2019/08/cake-decator-26.png]
[www.elegantthemes.com/layouts/wp-content/et-cache/224773/et-core-unified-deferred-224773.minc0a6.css]
[www.elegantthemes.com/layouts/food-drink/cake-maker-blog-page/live-demo/page/2f83b.html]
[www.elegantthemes.com/layouts/wp-includes/js/mediaelement/mejs-controls.svg]
[www.elegantthemes.com/layouts/wp-includes/js/mediaelement/mediaelementplayer-legacy.min1f61.css]
[www.elegantthemes.com/layouts/wp-includes/js/mediaelement/wp-mediaelement.minae48.css]
[www.elegantthemes.com/layouts/wp-content/et-cache/224775/et-core-unified-deferred-224775.minc09a.css]
[www.elegantthemes.com/layouts/wp-content/themes/Divi/core/admin/fonts/modules/all/modules.svg]
[www.elegantthemes.com/layouts/wp-content/themes/Divi/core/admin/fonts/fontawesome/fa-regular-400.svg]
[www.elegantthemes.com/layouts/wp-content/themes/Divi/core/admin/fonts/fontawesome/fa-solid-900.svg]
[www.elegantthemes.com/layouts/wp-content/themes/Divi/core/admin/fonts/fontawesome/fa-brands-400.svg]
[www.elegantthemes.com/layouts/wp-includes/js/mediaelement/mejs-controls.svg]
